[LOGGER] 2025-01-22 21:06:51.429 PM error : uncaughtException: ENOENT: no such file or directory, open './src/Templates/SupplierTemplate.html'
Error: ENOENT: no such file or directory, open './src/Templates/SupplierTemplate.html'
    at Object.openSync (node:fs:603:3)
    at Object.readFileSync (node:fs:471:35)
    at generatePdf (file:///Applications/XAMPP/xamppfiles/htdocs/POS_APP/backend/src/controllers/supplier.controller.js:175:17)
    at Layer.handle [as handle_request] (/Applications/XAMPP/xamppfiles/htdocs/POS_APP/backend/node_modules/express/lib/router/layer.js:95:5)
    at next (/Applications/XAMPP/xamppfiles/htdocs/POS_APP/backend/node_modules/express/lib/router/route.js:149:13)
    at autenticate (file:///Applications/XAMPP/xamppfiles/htdocs/POS_APP/backend/src/controllers/error.controller.js:24:5)
    at Layer.handle [as handle_request] (/Applications/XAMPP/xamppfiles/htdocs/POS_APP/backend/node_modules/express/lib/router/layer.js:95:5)
    at next (/Applications/XAMPP/xamppfiles/htdocs/POS_APP/backend/node_modules/express/lib/router/route.js:149:13)
    at Route.dispatch (/Applications/XAMPP/xamppfiles/htdocs/POS_APP/backend/node_modules/express/lib/router/route.js:119:3)
    at Layer.handle [as handle_request] (/Applications/XAMPP/xamppfiles/htdocs/POS_APP/backend/node_modules/express/lib/router/layer.js:95:5)
    at /Applications/XAMPP/xamppfiles/htdocs/POS_APP/backend/node_modules/express/lib/router/index.js:284:15
    at Function.process_params (/Applications/XAMPP/xamppfiles/htdocs/POS_APP/backend/node_modules/express/lib/router/index.js:346:12)
    at next (/Applications/XAMPP/xamppfiles/htdocs/POS_APP/backend/node_modules/express/lib/router/index.js:280:10)
    at Function.handle (/Applications/XAMPP/xamppfiles/htdocs/POS_APP/backend/node_modules/express/lib/router/index.js:175:3)
    at router (/Applications/XAMPP/xamppfiles/htdocs/POS_APP/backend/node_modules/express/lib/router/index.js:47:12)
    at Layer.handle [as handle_request] (/Applications/XAMPP/xamppfiles/htdocs/POS_APP/backend/node_modules/express/lib/router/layer.js:95:5)
[LOGGER] 2025-01-22 21:10:15.883 PM error : uncaughtException: ENOENT: no such file or directory, open './src/Templates/SupplierTemplate.html'
Error: ENOENT: no such file or directory, open './src/Templates/SupplierTemplate.html'
    at Object.openSync (node:fs:603:3)
    at Object.readFileSync (node:fs:471:35)
    at generatePdf (file:///Applications/XAMPP/xamppfiles/htdocs/POS_APP/backend/src/controllers/supplier.controller.js:175:17)
    at Layer.handle [as handle_request] (/Applications/XAMPP/xamppfiles/htdocs/POS_APP/backend/node_modules/express/lib/router/layer.js:95:5)
    at next (/Applications/XAMPP/xamppfiles/htdocs/POS_APP/backend/node_modules/express/lib/router/route.js:149:13)
    at autenticate (file:///Applications/XAMPP/xamppfiles/htdocs/POS_APP/backend/src/controllers/error.controller.js:24:5)
    at Layer.handle [as handle_request] (/Applications/XAMPP/xamppfiles/htdocs/POS_APP/backend/node_modules/express/lib/router/layer.js:95:5)
    at next (/Applications/XAMPP/xamppfiles/htdocs/POS_APP/backend/node_modules/express/lib/router/route.js:149:13)
    at Route.dispatch (/Applications/XAMPP/xamppfiles/htdocs/POS_APP/backend/node_modules/express/lib/router/route.js:119:3)
    at Layer.handle [as handle_request] (/Applications/XAMPP/xamppfiles/htdocs/POS_APP/backend/node_modules/express/lib/router/layer.js:95:5)
    at /Applications/XAMPP/xamppfiles/htdocs/POS_APP/backend/node_modules/express/lib/router/index.js:284:15
    at Function.process_params (/Applications/XAMPP/xamppfiles/htdocs/POS_APP/backend/node_modules/express/lib/router/index.js:346:12)
    at next (/Applications/XAMPP/xamppfiles/htdocs/POS_APP/backend/node_modules/express/lib/router/index.js:280:10)
    at Function.handle (/Applications/XAMPP/xamppfiles/htdocs/POS_APP/backend/node_modules/express/lib/router/index.js:175:3)
    at router (/Applications/XAMPP/xamppfiles/htdocs/POS_APP/backend/node_modules/express/lib/router/index.js:47:12)
    at Layer.handle [as handle_request] (/Applications/XAMPP/xamppfiles/htdocs/POS_APP/backend/node_modules/express/lib/router/layer.js:95:5)
[LOGGER] 2025-01-22 21:12:01.360 PM error : controllers/supplier.controller.js : generatePdf : Parse error on line 23:
...     </tr>      {{ #each suppliers }} 
----------------------^
Expecting 'ID', 'STRING', 'NUMBER', 'BOOLEAN', 'UNDEFINED', 'NULL', 'DATA', got 'INVALID'
[LOGGER] 2025-01-22 21:14:08.677 PM error : controllers/supplier.controller.js : generatePdf : Parse error on line 34:
...>  </body></html>
--------------------^
Expecting 'OPEN_INVERSE_CHAIN', 'INVERSE', 'OPEN_ENDBLOCK', got 'EOF'
[LOGGER] 2025-01-22 21:14:39.462 PM error : controllers/supplier.controller.js : generatePdf : Parse error on line 34:
...>  </body></html>
--------------------^
Expecting 'OPEN_INVERSE_CHAIN', 'INVERSE', 'OPEN_ENDBLOCK', got 'EOF'
[LOGGER] 2025-01-22 21:19:03.548 PM error : controllers/supplier.controller.js : generatePdf : Parse error on line 23:
...     </tr>      {{ #each suppliers }} 
----------------------^
Expecting 'ID', 'STRING', 'NUMBER', 'BOOLEAN', 'UNDEFINED', 'NULL', 'DATA', got 'INVALID'
[LOGGER] 2025-01-22 21:20:01.033 PM error : controllers/supplier.controller.js : generatePdf : Parse error on line 23:
...     </tr>      {{ #each suppliers }} 
----------------------^
Expecting 'ID', 'STRING', 'NUMBER', 'BOOLEAN', 'UNDEFINED', 'NULL', 'DATA', got 'INVALID'
[LOGGER] 2025-01-22 21:20:09.237 PM error : controllers/supplier.controller.js : generatePdf : Parse error on line 23:
...     </tr>      {{ #each suppliers }} 
----------------------^
Expecting 'ID', 'STRING', 'NUMBER', 'BOOLEAN', 'UNDEFINED', 'NULL', 'DATA', got 'INVALID'
[LOGGER] 2025-01-22 21:21:06.213 PM error : controllers/supplier.controller.js : generatePdf : Parse error on line 23:
...</tr>      <!-- {{ #each suppliers }} t
----------------------^
Expecting 'ID', 'STRING', 'NUMBER', 'BOOLEAN', 'UNDEFINED', 'NULL', 'DATA', got 'INVALID'
[LOGGER] 2025-01-22 21:21:14.405 PM error : controllers/supplier.controller.js : generatePdf : Parse error on line 23:
...</tr>      <!-- {{ #each suppliers }} t
----------------------^
Expecting 'ID', 'STRING', 'NUMBER', 'BOOLEAN', 'UNDEFINED', 'NULL', 'DATA', got 'INVALID'
[LOGGER] 2025-01-22 21:21:29.255 PM error : controllers/supplier.controller.js : generatePdf : Parse error on line 23:
...</tr>      <!-- {{ #each suppliers }} t
----------------------^
Expecting 'ID', 'STRING', 'NUMBER', 'BOOLEAN', 'UNDEFINED', 'NULL', 'DATA', got 'INVALID'
[LOGGER] 2025-01-22 21:21:59.547 PM error : controllers/supplier.controller.js : generatePdf : Parse error on line 23:
...</tr>      <!-- {{ #each suppliers }} t
----------------------^
Expecting 'ID', 'STRING', 'NUMBER', 'BOOLEAN', 'UNDEFINED', 'NULL', 'DATA', got 'INVALID'
[LOGGER] 2025-01-22 21:22:30.925 PM error : controllers/supplier.controller.js : generatePdf : Parse error on line 23:
...</tr>      <!-- {{ #each suppliers }} t
----------------------^
Expecting 'ID', 'STRING', 'NUMBER', 'BOOLEAN', 'UNDEFINED', 'NULL', 'DATA', got 'INVALID'
[LOGGER] 2025-01-22 21:23:53.304 PM error : controllers/supplier.controller.js : generatePdf : Parse error on line 23:
...      <tr> <!-- {{ #each suppliers }} -
----------------------^
Expecting 'ID', 'STRING', 'NUMBER', 'BOOLEAN', 'UNDEFINED', 'NULL', 'DATA', got 'INVALID'
