[LOGGER] 2025-01-20 05:45:40.578 AM error : controllers/user.controller.js:loginUser - secretOrPrivateKey must have a value
[LOGGER] 2025-01-20 05:52:44.806 AM error : controllers/user.controller.js : updateUser : 
Invalid `prisma.user.update()` invocation:


Unique constraint failed on the constraint: `User_userName_key`
[LOGGER] 2025-01-20 06:10:05.308 AM error : uncaughtException: setRefreshToken is not defined
ReferenceError: setRefreshToken is not defined
    at file:///Applications/XAMPP/xamppfiles/htdocs/POS_APP/backend/src/controllers/user.controller.js:202:32
    at ModuleJob.run (node:internal/modules/esm/module_job:194:25)
[LOGGER] 2025-01-20 06:10:38.599 AM error : uncaughtException: setRefreshToken is not defined
ReferenceError: setRefreshToken is not defined
    at file:///Applications/XAMPP/xamppfiles/htdocs/POS_APP/backend/src/controllers/user.controller.js:202:32
    at ModuleJob.run (node:internal/modules/esm/module_job:194:25)
[LOGGER] 2025-01-20 06:10:56.140 AM error : uncaughtException: setRefreshToken is not defined
ReferenceError: setRefreshToken is not defined
    at file:///Applications/XAMPP/xamppfiles/htdocs/POS_APP/backend/src/controllers/user.controller.js:206:32
    at ModuleJob.run (node:internal/modules/esm/module_job:194:25)
[LOGGER] 2025-01-20 08:56:47.630 AM error : controllers/category.controller.js : createCategory : 
Invalid `prisma.category.create()` invocation:

{
  data: {
    categoryName: "makanan",
+   categoryName: String
  }
}

Argument `categoryName` is missing.
[LOGGER] 2025-01-20 09:01:32.370 AM error : controllers/category.controller.js : getAllCategory : 
Invalid `prisma.category.findMany()` invocation:

{
  orderaBy: {
  ~~~~~~~~
    id: "asc"
  },
? where?: CategoryWhereInput,
? orderBy?: CategoryOrderByWithRelationInput[] | CategoryOrderByWithRelationInput,
? cursor?: CategoryWhereUniqueInput,
? take?: Int,
? skip?: Int,
? distinct?: CategoryScalarFieldEnum | CategoryScalarFieldEnum[]
}

Unknown argument `orderaBy`. Did you mean `orderBy`? Available options are marked with ?.
[LOGGER] 2025-01-20 09:01:48.932 AM error : controllers/category.controller.js : getAllCategory : 
Invalid `prisma.category.findMany()` invocation:

{
  orderaBy: {
  ~~~~~~~~
    id: "asc"
  },
? where?: CategoryWhereInput,
? orderBy?: CategoryOrderByWithRelationInput[] | CategoryOrderByWithRelationInput,
? cursor?: CategoryWhereUniqueInput,
? take?: Int,
? skip?: Int,
? distinct?: CategoryScalarFieldEnum | CategoryScalarFieldEnum[]
}

Unknown argument `orderaBy`. Did you mean `orderBy`? Available options are marked with ?.
