[LOGGER] 2025-01-25 00:25:25.627 AM error : uncaughtException: The "path" argument must be of type string. Received undefined
TypeError [ERR_INVALID_ARG_TYPE]: The "path" argument must be of type string. Received undefined
    at new NodeError (node:internal/errors:405:5)
    at validateString (node:internal/validators:162:11)
    at Object.extname (node:path:1385:5)
    at createProduct (file:///Applications/XAMPP/xamppfiles/htdocs/POS_APP/backend/src/controllers/product.controller.js:32:20)
    at Layer.handle [as handle_request] (/Applications/XAMPP/xamppfiles/htdocs/POS_APP/backend/node_modules/express/lib/router/layer.js:95:5)
    at next (/Applications/XAMPP/xamppfiles/htdocs/POS_APP/backend/node_modules/express/lib/router/route.js:149:13)
    at autenticate (file:///Applications/XAMPP/xamppfiles/htdocs/POS_APP/backend/src/controllers/error.controller.js:24:5)
    at Layer.handle [as handle_request] (/Applications/XAMPP/xamppfiles/htdocs/POS_APP/backend/node_modules/express/lib/router/layer.js:95:5)
    at next (/Applications/XAMPP/xamppfiles/htdocs/POS_APP/backend/node_modules/express/lib/router/route.js:149:13)
    at Route.dispatch (/Applications/XAMPP/xamppfiles/htdocs/POS_APP/backend/node_modules/express/lib/router/route.js:119:3)
    at Layer.handle [as handle_request] (/Applications/XAMPP/xamppfiles/htdocs/POS_APP/backend/node_modules/express/lib/router/layer.js:95:5)
    at /Applications/XAMPP/xamppfiles/htdocs/POS_APP/backend/node_modules/express/lib/router/index.js:284:15
    at Function.process_params (/Applications/XAMPP/xamppfiles/htdocs/POS_APP/backend/node_modules/express/lib/router/index.js:346:12)
    at next (/Applications/XAMPP/xamppfiles/htdocs/POS_APP/backend/node_modules/express/lib/router/index.js:280:10)
    at Function.handle (/Applications/XAMPP/xamppfiles/htdocs/POS_APP/backend/node_modules/express/lib/router/index.js:175:3)
    at router (/Applications/XAMPP/xamppfiles/htdocs/POS_APP/backend/node_modules/express/lib/router/index.js:47:12)
[LOGGER] 2025-01-25 00:29:08.036 AM error : controllers/product.controller.js : getAllProduct : Cannot read properties of undefined (reading 'id')
[LOGGER] 2025-01-25 00:29:08.038 AM error : uncaughtException: Cannot read properties of undefined (reading 'id')
TypeError: Cannot read properties of undefined (reading 'id')
    at getAllProduct (file:///Applications/XAMPP/xamppfiles/htdocs/POS_APP/backend/src/controllers/product.controller.js:139:65)
[LOGGER] 2025-01-25 01:07:18.724 AM error : uncaughtException: Cannot read properties of undefined (reading 'length')
TypeError: Cannot read properties of undefined (reading 'length')
    at updateProduct (file:///Applications/XAMPP/xamppfiles/htdocs/POS_APP/backend/src/controllers/product.controller.js:232:31)
[LOGGER] 2025-01-25 01:07:42.793 AM error : uncaughtException: Cannot read properties of undefined (reading 'length')
TypeError: Cannot read properties of undefined (reading 'length')
    at updateProduct (file:///Applications/XAMPP/xamppfiles/htdocs/POS_APP/backend/src/controllers/product.controller.js:232:31)
