[LOGGER] 2025-03-25 01:04:22.346 AM error : controllers/product.controller.js : getProductById : 
Invalid `prisma.product.findUnique()` invocation:

{
  include: {
    category: true,
    supplier: true
  },
  where: {
+   id: Int
  }
}

Argument `id` is missing.
[LOGGER] 2025-03-25 01:04:22.363 AM error : controllers/product.controller.js : getProductById : 
Invalid `prisma.product.findUnique()` invocation:

{
  include: {
    category: true,
    supplier: true
  },
  where: {
+   id: Int
  }
}

Argument `id` is missing.
